<?xml version="1.0" encoding="UTF-8"?>
<testsuite xmlns:xsi="http://www.w3.org/2001/XMLSchema-instance" xsi:noNamespaceSchemaLocation="https://maven.apache.org/surefire/maven-surefire-plugin/xsd/surefire-test-report-3.0.xsd" version="3.0" name="rmit.BusB1Test" time="0.049" tests="3" errors="0" skipped="0" failures="0">
  <properties>
[...]
</properties>
  <testcase name="testValidBusID_AllDigits" classname="rmit.BusB1Test" time="0.021"/>
  <testcase name="testDuplicateBusID_Rejected" classname="rmit.BusB1Test" time="0.003"/>
  <testcase name="testInvalidBusID_ContainsLetter" classname="rmit.BusB1Test" time="0.004"/>
</testsuite>